<?xml version="1.0" encoding="UTF-8"?>
<!-- Generated by org.testng.reporters.JUnitXMLReporter -->
<testsuite hostname="LAPTOP-20464U94" ignored="0" name="Test" tests="1" failures="1" timestamp="2020-02-28T14:00:25 EST" time="7.056" errors="0">
  <testcase name="verifyTitle" time="0.027" classname="testcases.TestCase1">
    <failure type="java.lang.AssertionError" message="Title of home page expected [My tore] but found [My Store]">
      <![CDATA[java.lang.AssertionError: Title of home page expected [My tore] but found [My Store]
at testcases.TestCase1.verifyTitle(TestCase1.java:31)
at java.util.ArrayList.forEach(ArrayList.java:1257)
... Removed 31 stack frames]]>
    </failure>
  </testcase> <!-- verifyTitle -->
</testsuite> <!-- Test -->
